mode: set
github.com/jeduden/mdsmith/internal/rules/githooksync/rule.go:19.13,21.2 1 1
github.com/jeduden/mdsmith/internal/rules/githooksync/rule.go:43.28,43.47 1 1
github.com/jeduden/mdsmith/internal/rules/githooksync/rule.go:46.30,46.56 1 1
github.com/jeduden/mdsmith/internal/rules/githooksync/rule.go:49.34,49.51 1 1
github.com/jeduden/mdsmith/internal/rules/githooksync/rule.go:52.40,52.56 1 1
github.com/jeduden/mdsmith/internal/rules/githooksync/rule.go:55.54,62.17 1 1
github.com/jeduden/mdsmith/internal/rules/githooksync/rule.go:62.17,64.3 1 1
github.com/jeduden/mdsmith/internal/rules/githooksync/rule.go:69.2,70.16 2 1
github.com/jeduden/mdsmith/internal/rules/githooksync/rule.go:70.16,72.3 1 1
github.com/jeduden/mdsmith/internal/rules/githooksync/rule.go:81.2,83.87 3 1
github.com/jeduden/mdsmith/internal/rules/githooksync/rule.go:83.87,85.3 1 1
github.com/jeduden/mdsmith/internal/rules/githooksync/rule.go:87.2,93.64 3 1
github.com/jeduden/mdsmith/internal/rules/githooksync/rule.go:93.64,95.3 1 1
github.com/jeduden/mdsmith/internal/rules/githooksync/rule.go:96.2,96.71 1 1
github.com/jeduden/mdsmith/internal/rules/githooksync/rule.go:96.71,98.3 1 1
github.com/jeduden/mdsmith/internal/rules/githooksync/rule.go:99.2,99.21 1 1
github.com/jeduden/mdsmith/internal/rules/githooksync/rule.go:99.21,101.3 1 1
github.com/jeduden/mdsmith/internal/rules/githooksync/rule.go:102.2,110.4 1 1
github.com/jeduden/mdsmith/internal/rules/githooksync/rule.go:131.49,134.16 3 1
github.com/jeduden/mdsmith/internal/rules/githooksync/rule.go:134.16,135.25 1 1
github.com/jeduden/mdsmith/internal/rules/githooksync/rule.go:135.25,137.4 1 1
github.com/jeduden/mdsmith/internal/rules/githooksync/rule.go:138.3,138.30 1 1
github.com/jeduden/mdsmith/internal/rules/githooksync/rule.go:140.2,140.67 1 1
github.com/jeduden/mdsmith/internal/rules/githooksync/rule.go:140.67,142.3 1 1
github.com/jeduden/mdsmith/internal/rules/githooksync/rule.go:143.2,143.28 1 1
github.com/jeduden/mdsmith/internal/rules/githooksync/rule.go:158.78,159.47 1 1
github.com/jeduden/mdsmith/internal/rules/githooksync/rule.go:159.47,161.3 1 1
github.com/jeduden/mdsmith/internal/rules/githooksync/rule.go:162.2,163.39 2 1
github.com/jeduden/mdsmith/internal/rules/githooksync/rule.go:163.39,168.3 1 1
github.com/jeduden/mdsmith/internal/rules/githooksync/rule.go:169.2,170.48 2 1
github.com/jeduden/mdsmith/internal/rules/githooksync/rule.go:170.48,172.3 1 1
github.com/jeduden/mdsmith/internal/rules/githooksync/rule.go:173.2,173.25 1 1
github.com/jeduden/mdsmith/internal/rules/githooksync/rule.go:173.25,178.3 1 1
github.com/jeduden/mdsmith/internal/rules/githooksync/rule.go:179.2,180.26 2 1
github.com/jeduden/mdsmith/internal/rules/githooksync/rule.go:180.26,182.3 1 0
github.com/jeduden/mdsmith/internal/rules/githooksync/rule.go:183.2,187.3 1 1
github.com/jeduden/mdsmith/internal/rules/githooksync/rule.go:196.85,199.16 3 1
github.com/jeduden/mdsmith/internal/rules/githooksync/rule.go:199.16,200.25 1 1
github.com/jeduden/mdsmith/internal/rules/githooksync/rule.go:200.25,202.4 1 1
github.com/jeduden/mdsmith/internal/rules/githooksync/rule.go:203.3,206.4 1 1
github.com/jeduden/mdsmith/internal/rules/githooksync/rule.go:208.2,209.60 2 1
github.com/jeduden/mdsmith/internal/rules/githooksync/rule.go:209.60,211.3 1 1
github.com/jeduden/mdsmith/internal/rules/githooksync/rule.go:212.2,213.48 2 1
github.com/jeduden/mdsmith/internal/rules/githooksync/rule.go:213.48,215.3 1 1
github.com/jeduden/mdsmith/internal/rules/githooksync/rule.go:216.2,217.25 2 1
github.com/jeduden/mdsmith/internal/rules/githooksync/rule.go:217.25,219.3 1 1
github.com/jeduden/mdsmith/internal/rules/githooksync/rule.go:220.2,221.26 2 1
github.com/jeduden/mdsmith/internal/rules/githooksync/rule.go:221.26,223.3 1 0
github.com/jeduden/mdsmith/internal/rules/githooksync/rule.go:224.2,228.3 1 1
github.com/jeduden/mdsmith/internal/rules/githooksync/rule.go:245.41,247.17 1 1
github.com/jeduden/mdsmith/internal/rules/githooksync/rule.go:247.17,249.3 1 1
github.com/jeduden/mdsmith/internal/rules/githooksync/rule.go:251.2,252.16 2 1
github.com/jeduden/mdsmith/internal/rules/githooksync/rule.go:252.16,254.3 1 1
github.com/jeduden/mdsmith/internal/rules/githooksync/rule.go:257.2,257.28 1 1
github.com/jeduden/mdsmith/internal/rules/githooksync/rule.go:257.28,259.3 1 1
github.com/jeduden/mdsmith/internal/rules/githooksync/rule.go:263.2,263.47 1 1
github.com/jeduden/mdsmith/internal/rules/githooksync/rule.go:263.47,265.3 1 1
github.com/jeduden/mdsmith/internal/rules/githooksync/rule.go:267.2,272.16 4 1
github.com/jeduden/mdsmith/internal/rules/githooksync/rule.go:272.16,274.49 2 1
github.com/jeduden/mdsmith/internal/rules/githooksync/rule.go:274.49,277.4 1 1
github.com/jeduden/mdsmith/internal/rules/githooksync/rule.go:281.2,281.74 1 1
github.com/jeduden/mdsmith/internal/rules/githooksync/rule.go:281.74,284.3 1 1
github.com/jeduden/mdsmith/internal/rules/githooksync/rule.go:288.2,288.17 1 1
github.com/jeduden/mdsmith/internal/rules/githooksync/rule.go:297.48,300.26 3 1
github.com/jeduden/mdsmith/internal/rules/githooksync/rule.go:300.26,302.3 1 1
github.com/jeduden/mdsmith/internal/rules/githooksync/rule.go:303.2,304.13 2 1
github.com/jeduden/mdsmith/internal/rules/githooksync/rule.go:312.61,313.26 1 1
github.com/jeduden/mdsmith/internal/rules/githooksync/rule.go:313.26,315.3 1 1
github.com/jeduden/mdsmith/internal/rules/githooksync/rule.go:316.2,316.12 1 1
github.com/jeduden/mdsmith/internal/rules/githooksync/rule.go:320.49,322.2 1 1
